<?xml version="1.0" encoding="UTF-8"?>
<robot generator="Robot 7.2.2 (Python 3.13.2 on win32)" generated="2025-03-07T15:46:13.227243" rpa="false" schemaversion="5">
<suite id="s1" name="Test1" source="c:\Users\Administrateur\Documents\RobotFramework\Tests\test1.robot">
<test id="s1-t1" name="Test 11" line="88">
<kw name="Given I am on the homepage" owner="homepage_page" type="SETUP">
<kw name="Open Browser" owner="Browser">
<msg time="2025-03-07T15:46:13.391702" level="WARN">Open Browser is for quick experimentation and debugging only. Use New Page for production.</msg>
<msg time="2025-03-07T15:46:13.394373" level="INFO">{"browser": "chromium", "headless": false, "chromiumSandbox": false, "devtools": false, "handleSIGHUP": true, "handleSIGINT": true, "handleSIGTERM": true, "slowMo": 0.0, "timeout": 30000.0, "tracesDir": "C:\\Users\\Administrateur\\Documents\\RobotFramework\\browser\\traces\\temp\\dc853060-840a-4dac-ab40-416966a2bc35"}</msg>
<msg time="2025-03-07T15:46:13.409965" level="INFO">Starting Browser process C:\Users\Administrateur\AppData\Local\Programs\Python\Python313\Lib\site-packages\Browser\wrapper\index.js using port 64658</msg>
<msg time="2025-03-07T15:46:13.410187" level="INFO">Node startup parameters: ['node', 'C:\\Users\\Administrateur\\AppData\\Local\\Programs\\Python\\Python313\\Lib\\site-packages\\Browser\\wrapper\\index.js', '64658']</msg>
<msg time="2025-03-07T15:46:14.141824" level="INFO">Successfully created browser with options: {"browser":"chromium","headless":false,"chromiumSandbox":false,"devtools":false,"handleSIGHUP":true,"handleSIGINT":true,"handleSIGTERM":true,"slowMo":0,"timeout":30000,"tracesDir":"C:\\Users\\Administrateur\\Documents\\RobotFramework\\browser\\traces\\temp\\dc853060-840a-4dac-ab40-416966a2bc35"}</msg>
<msg time="2025-03-07T15:46:14.143580" level="INFO">{
  "acceptDownloads": true,
  "bypassCSP": true,
  "forcedColors": "none",
  "ignoreHTTPSErrors": false,
  "javaScriptEnabled": true,
  "offline": false,
  "reducedMotion": "no-preference",
  "serviceWorkers": "allow",
  "viewport": {
    "width": 1280,
    "height": 720
  }
}</msg>
<msg time="2025-03-07T15:46:14.162038" level="INFO">Successfully created context. </msg>
<msg time="2025-03-07T15:46:14.162345" level="INFO">{'acceptDownloads': True, 'bypassCSP': True, 'forcedColors': 'none', 'ignoreHTTPSErrors': False, 'javaScriptEnabled': True, 'offline': False, 'reducedMotion': 'no-preference', 'serviceWorkers': 'allow', 'viewport': {'width': 1280, 'height': 720}}</msg>
<msg time="2025-03-07T15:46:16.027214" level="INFO">Successfully initialized new page object and opened url: https://www.decathlon.fr</msg>
<arg>https://www.decathlon.fr</arg>
<tag>BrowserControl</tag>
<tag>Setter</tag>
<doc>Opens a new browser instance. Use this keyword for quick experiments or debugging sessions.</doc>
<status status="PASS" start="2025-03-07T15:46:13.391128" elapsed="2.636600"/>
</kw>
<kw name="Get Element States" owner="Browser">
<msg time="2025-03-07T15:46:16.080219" level="INFO">States are: ['attached', 'visible', 'enabled', 'defocused']</msg>
<arg>id=didomi-notice-agree-button</arg>
<arg>contains</arg>
<arg>visible</arg>
<tag>Assertion</tag>
<tag>Getter</tag>
<tag>PageContent</tag>
<doc>Get the active states from the element found by ``selector``.</doc>
<status status="PASS" start="2025-03-07T15:46:16.028064" elapsed="0.052386"/>
</kw>
<kw name="Click" owner="Browser">
<msg time="2025-03-07T15:46:16.081161" level="INFO">Clicks the element 'id=didomi-notice-agree-button'.</msg>
<arg>id=didomi-notice-agree-button</arg>
<tag>PageContent</tag>
<tag>Setter</tag>
<doc>Simulates mouse click on the element found by ``selector``.</doc>
<status status="PASS" start="2025-03-07T15:46:16.080674" elapsed="0.162925"/>
</kw>
<kw name="Get Element States" owner="Browser">
<msg time="2025-03-07T15:46:16.498196" level="INFO">States are: ['detached']</msg>
<arg>id=didomi-notice-agree-button</arg>
<arg>contains</arg>
<arg>detached</arg>
<tag>Assertion</tag>
<tag>Getter</tag>
<tag>PageContent</tag>
<doc>Get the active states from the element found by ``selector``.</doc>
<status status="PASS" start="2025-03-07T15:46:16.244036" elapsed="0.254584"/>
</kw>
<status status="PASS" start="2025-03-07T15:46:13.390005" elapsed="3.108879"/>
</kw>
<kw name="When I click on the button &quot;Services &amp; voyages&quot;" owner="services_voyages">
<kw name="Click" owner="Browser">
<msg time="2025-03-07T15:46:16.500918" level="INFO">Clicks the element 'xpath=//button[@data-cs-override-id="CategoryItem_7"]'.</msg>
<arg>xpath=//button[@data-cs-override-id="CategoryItem_7"]</arg>
<tag>PageContent</tag>
<tag>Setter</tag>
<doc>Simulates mouse click on the element found by ``selector``.</doc>
<status status="PASS" start="2025-03-07T15:46:16.500051" elapsed="0.127235"/>
</kw>
<status status="PASS" start="2025-03-07T15:46:16.499480" elapsed="0.128055"/>
</kw>
<kw name="Then In the menu, I click on the link &quot;Revendre mon materiel&quot;" owner="services_voyages">
<kw name="Click" owner="Browser">
<msg time="2025-03-07T15:46:16.629670" level="INFO">Clicks the element 'xpath=//a[@href="/second-life/buy-back#/funnel/product/category?opeco=opeco:MENUSERVICES_SECONDEVIE-reprise&amp;type=opeco"]'.</msg>
<arg>xpath=//a[@href="/second-life/buy-back#/funnel/product/category?opeco=opeco:MENUSERVICES_SECONDEVIE-reprise&amp;type=opeco"]</arg>
<tag>PageContent</tag>
<tag>Setter</tag>
<doc>Simulates mouse click on the element found by ``selector``.</doc>
<status status="PASS" start="2025-03-07T15:46:16.628754" elapsed="0.790051"/>
</kw>
<status status="PASS" start="2025-03-07T15:46:16.628032" elapsed="0.791066"/>
</kw>
<kw name="And the popup appears" owner="services_voyages">
<kw name="Get Text" owner="Browser">
<msg time="2025-03-07T15:46:18.648515" level="INFO">Text: 'Comment ça marche?'</msg>
<arg>xpath=//div[contains(text(), 'Comment ça marche?')]</arg>
<tag>Assertion</tag>
<tag>Getter</tag>
<tag>PageContent</tag>
<doc>Returns text attribute of the element found by ``selector``.</doc>
<status status="PASS" start="2025-03-07T15:46:17.420161" elapsed="1.228567"/>
</kw>
<status status="PASS" start="2025-03-07T15:46:17.419532" elapsed="1.229321"/>
</kw>
<kw name="Then I verify the content of the popup" owner="services_voyages">
<kw name="Get Text" owner="Browser">
<msg time="2025-03-07T15:46:18.658716" level="INFO">Text: 'Identifier ton produit'</msg>
<msg time="2025-03-07T15:46:18.658975" level="INFO">${Identifier ton produit} = Identifier ton produit</msg>
<var>${Identifier ton produit}</var>
<arg>//div[normalize-space()='Identifier ton produit']</arg>
<tag>Assertion</tag>
<tag>Getter</tag>
<tag>PageContent</tag>
<doc>Returns text attribute of the element found by ``selector``.</doc>
<status status="PASS" start="2025-03-07T15:46:18.650001" elapsed="0.009051"/>
</kw>
<kw name="Should Be Equal As Strings" owner="BuiltIn">
<arg>${Identifier ton produit}</arg>
<arg>Identifier ton produit</arg>
<doc>Fails if objects are unequal after converting them to strings.</doc>
<status status="PASS" start="2025-03-07T15:46:18.659237" elapsed="0.000347"/>
</kw>
<kw name="Get Text" owner="Browser">
<msg time="2025-03-07T15:46:18.671683" level="INFO">Text: 'Faire un diagnostique'</msg>
<msg time="2025-03-07T15:46:18.671928" level="INFO">${Faire un diagnostique} = Faire un diagnostique</msg>
<var>${Faire un diagnostique}</var>
<arg>//div[normalize-space()='Faire un diagnostique']</arg>
<tag>Assertion</tag>
<tag>Getter</tag>
<tag>PageContent</tag>
<doc>Returns text attribute of the element found by ``selector``.</doc>
<status status="PASS" start="2025-03-07T15:46:18.659724" elapsed="0.012281"/>
</kw>
<kw name="Should Be Equal As Strings" owner="BuiltIn">
<arg>${Faire un diagnostique}</arg>
<arg>Faire un diagnostique</arg>
<doc>Fails if objects are unequal after converting them to strings.</doc>
<status status="PASS" start="2025-03-07T15:46:18.672188" elapsed="0.000335"/>
</kw>
<kw name="Get Text" owner="Browser">
<msg time="2025-03-07T15:46:18.684787" level="INFO">Text: 'Selectionner un magasin'</msg>
<msg time="2025-03-07T15:46:18.685268" level="INFO">${Selectionner un magasin} = Selectionner un magasin</msg>
<var>${Selectionner un magasin}</var>
<arg>//div[normalize-space()='Selectionner un magasin']</arg>
<tag>Assertion</tag>
<tag>Getter</tag>
<tag>PageContent</tag>
<doc>Returns text attribute of the element found by ``selector``.</doc>
<status status="PASS" start="2025-03-07T15:46:18.672659" elapsed="0.012748"/>
</kw>
<kw name="Should Be Equal As Strings" owner="BuiltIn">
<arg>${Selectionner un magasin}</arg>
<arg>Selectionner un magasin</arg>
<doc>Fails if objects are unequal after converting them to strings.</doc>
<status status="PASS" start="2025-03-07T15:46:18.685617" elapsed="0.000537"/>
</kw>
<kw name="Get Text" owner="Browser">
<msg time="2025-03-07T15:46:18.703022" level="INFO">Text: 'Confirmer ton offre'</msg>
<msg time="2025-03-07T15:46:18.703432" level="INFO">${Confirmer ton offre} = Confirmer ton offre</msg>
<var>${Confirmer ton offre}</var>
<arg>//div[normalize-space()='Confirmer ton offre']</arg>
<tag>Assertion</tag>
<tag>Getter</tag>
<tag>PageContent</tag>
<doc>Returns text attribute of the element found by ``selector``.</doc>
<status status="PASS" start="2025-03-07T15:46:18.686417" elapsed="0.017137"/>
</kw>
<kw name="Should Be Equal As Strings" owner="BuiltIn">
<arg>${Confirmer ton offre}</arg>
<arg>Confirmer ton offre</arg>
<doc>Fails if objects are unequal after converting them to strings.</doc>
<status status="PASS" start="2025-03-07T15:46:18.703850" elapsed="0.000605"/>
</kw>
<status status="PASS" start="2025-03-07T15:46:18.649308" elapsed="0.055326"/>
</kw>
<msg time="2025-03-07T15:46:18.708835" level="INFO">Set timeout to: 10000</msg>
<msg time="2025-03-07T15:46:18.726082" level="INFO">Switching context to context=9477fa38-dc14-4401-a96f-c21577d4b234 in CURRENT</msg>
<msg time="2025-03-07T15:46:18.735433" level="INFO">Successfully changed active context: context=9477fa38-dc14-4401-a96f-c21577d4b234</msg>
<msg time="2025-03-07T15:46:18.769689" level="INFO">Successfully closed Context</msg>
<status status="PASS" start="2025-03-07T15:46:13.389214" elapsed="5.315897"/>
</test>
<status status="PASS" start="2025-03-07T15:46:13.230554" elapsed="5.541071"/>
</suite>
<statistics>
<total>
<stat pass="1" fail="0" skip="0">All Tests</stat>
</total>
<tag>
</tag>
<suite>
<stat name="Test1" id="s1" pass="1" fail="0" skip="0">Test1</stat>
</suite>
</statistics>
<errors>
<msg time="2025-03-07T15:46:13.391702" level="WARN">Open Browser is for quick experimentation and debugging only. Use New Page for production.</msg>
</errors>
</robot>
